<?xml version="1.0" encoding="UTF-8"?>
<!-- Generated by org.testng.reporters.JUnitXMLReporter -->
<testsuite ignored="0" hostname="LAPTOP-0A2M3F1A" failures="0" tests="26" name="Test" time="962.675" errors="0" timestamp="2023-06-10T00:56:06 IST">
  <testcase classname="com.qa.ohrm.testcases.LoginPageTest" name="title" time="0.059"/>
  <testcase classname="com.qa.ohrm.testcases.LoginPageTest" name="loginSuccess" time="12.871"/>
  <testcase classname="com.qa.ohrm.testcases.HomePageTest" name="getTimePage" time="11.029"/>
  <testcase classname="com.qa.ohrm.testcases.TimePageTest" name="clickAttendance" time="0.238"/>
  <testcase classname="com.qa.ohrm.testcases.PunchInTest" name="Note" time="0.19"/>
  <testcase classname="com.qa.ohrm.testcases.PunchInTest" name="In" time="4.163"/>
  <testcase classname="com.qa.ohrm.testcases.PunchOutTest" name="enterNote" time="0.397"/>
  <testcase classname="com.qa.ohrm.testcases.PunchOutTest" name="Out" time="4.892"/>
  <testcase classname="com.qa.ohrm.testcases.TimeSheetTest" name="timeSheet" time="0.188"/>
  <testcase classname="com.qa.ohrm.testcases.TimeSheetTest" name="employee" time="0.835"/>
  <testcase classname="com.qa.ohrm.testcases.TimeSheetTest" name="getRecord" time="0.183"/>
  <testcase classname="com.qa.ohrm.testcases.WeekTimeSheetTest" name="edit" time="2.654"/>
  <testcase classname="com.qa.ohrm.testcases.WeekTimeSheetTest" name="clickAddRow" time="3.89"/>
  <testcase classname="com.qa.ohrm.testcases.WeekTimeSheetTest" name="clickReset" time="5.589"/>
  <testcase classname="com.qa.ohrm.testcases.WeekTimeSheetTest" name="clickCancel" time="3.611"/>
  <testcase classname="com.qa.ohrm.testcases.ProjectsPageTest" name="ProjectInfo" time="0.225"/>
  <testcase classname="com.qa.ohrm.testcases.ProjectsPageTest" name="Projects" time="3.486"/>
  <testcase classname="com.qa.ohrm.testcases.ProjectsPageTest" name="Add" time="6.616"/>
  <testcase classname="com.qa.ohrm.testcases.ProjectsPageTest" name="CustomerLink" time="6.153"/>
  <testcase classname="com.qa.ohrm.testcases.ProjectsPageTest" name="cName" time="5.791"/>
  <testcase classname="com.qa.ohrm.testcases.ProjectsPageTest" name="cDesc" time="6.18"/>
  <testcase classname="com.qa.ohrm.testcases.ProjectsPageTest" name="saveDetails" time="6.66"/>
  <testcase classname="com.qa.ohrm.testcases.ProjectsPageTest" name="clickPName" time="5.699"/>
  <testcase classname="com.qa.ohrm.testcases.ProjectsPageTest" name="clickPAdmin" time="6.34"/>
  <testcase classname="com.qa.ohrm.testcases.ProjectsPageTest" name="clickDesc" time="6.67"/>
  <testcase classname="com.qa.ohrm.testcases.ProjectsPageTest" name="cSave" time="10.51"/>
</testsuite> <!-- Test -->
