<?xml version="1.0" encoding="UTF-8"?>
<testng-results ignored="0" total="26" passed="26" failed="0" skipped="0">
  <reporter-output>
  </reporter-output>
  <suite started-at="2023-06-10T00:40:02 IST" name="Suite" finished-at="2023-06-10T00:56:05 IST" duration-ms="962675">
    <groups>
    </groups>
    <test started-at="2023-06-10T00:40:02 IST" name="Test" finished-at="2023-06-10T00:56:05 IST" duration-ms="962675">
      <class name="com.qa.ohrm.testcases.WeekTimeSheetTest">
        <test-method is-config="true" signature="launchURL()[pri:0, instance:com.qa.ohrm.testcases.WeekTimeSheetTest@245b4bdc]" started-at="2023-06-10T00:47:12 IST" name="launchURL" finished-at="2023-06-10T00:47:46 IST" duration-ms="33571" status="PASS">
          <reporter-output>
          </reporter-output>
        </test-method> <!-- launchURL -->
        <test-method signature="edit()[pri:11, instance:com.qa.ohrm.testcases.WeekTimeSheetTest@245b4bdc]" started-at="2023-06-10T00:47:46 IST" name="edit" finished-at="2023-06-10T00:47:49 IST" duration-ms="2654" status="PASS">
          <reporter-output>
          </reporter-output>
        </test-method> <!-- edit -->
        <test-method is-config="true" signature="closeBrowser()[pri:0, instance:com.qa.ohrm.testcases.WeekTimeSheetTest@245b4bdc]" started-at="2023-06-10T00:47:49 IST" name="closeBrowser" finished-at="2023-06-10T00:47:49 IST" duration-ms="182" status="PASS">
          <reporter-output>
          </reporter-output>
        </test-method> <!-- closeBrowser -->
        <test-method is-config="true" signature="launchURL()[pri:0, instance:com.qa.ohrm.testcases.WeekTimeSheetTest@245b4bdc]" started-at="2023-06-10T00:47:49 IST" name="launchURL" finished-at="2023-06-10T00:48:21 IST" duration-ms="32012" status="PASS">
          <reporter-output>
          </reporter-output>
        </test-method> <!-- launchURL -->
        <test-method signature="clickAddRow()[pri:12, instance:com.qa.ohrm.testcases.WeekTimeSheetTest@245b4bdc]" started-at="2023-06-10T00:48:21 IST" name="clickAddRow" finished-at="2023-06-10T00:48:25 IST" duration-ms="3890" status="PASS">
          <reporter-output>
          </reporter-output>
        </test-method> <!-- clickAddRow -->
        <test-method is-config="true" signature="closeBrowser()[pri:0, instance:com.qa.ohrm.testcases.WeekTimeSheetTest@245b4bdc]" started-at="2023-06-10T00:48:25 IST" name="closeBrowser" finished-at="2023-06-10T00:48:25 IST" duration-ms="171" status="PASS">
          <reporter-output>
          </reporter-output>
        </test-method> <!-- closeBrowser -->
        <test-method is-config="true" signature="launchURL()[pri:0, instance:com.qa.ohrm.testcases.WeekTimeSheetTest@245b4bdc]" started-at="2023-06-10T00:48:25 IST" name="launchURL" finished-at="2023-06-10T00:49:00 IST" duration-ms="35363" status="PASS">
          <reporter-output>
          </reporter-output>
        </test-method> <!-- launchURL -->
        <test-method signature="clickReset()[pri:13, instance:com.qa.ohrm.testcases.WeekTimeSheetTest@245b4bdc]" started-at="2023-06-10T00:49:00 IST" name="clickReset" finished-at="2023-06-10T00:49:06 IST" duration-ms="5589" status="PASS">
          <reporter-output>
          </reporter-output>
        </test-method> <!-- clickReset -->
        <test-method is-config="true" signature="closeBrowser()[pri:0, instance:com.qa.ohrm.testcases.WeekTimeSheetTest@245b4bdc]" started-at="2023-06-10T00:49:06 IST" name="closeBrowser" finished-at="2023-06-10T00:49:06 IST" duration-ms="510" status="PASS">
          <reporter-output>
          </reporter-output>
        </test-method> <!-- closeBrowser -->
        <test-method is-config="true" signature="launchURL()[pri:0, instance:com.qa.ohrm.testcases.WeekTimeSheetTest@245b4bdc]" started-at="2023-06-10T00:49:06 IST" name="launchURL" finished-at="2023-06-10T00:49:38 IST" duration-ms="31474" status="PASS">
          <reporter-output>
          </reporter-output>
        </test-method> <!-- launchURL -->
        <test-method signature="clickCancel()[pri:14, instance:com.qa.ohrm.testcases.WeekTimeSheetTest@245b4bdc]" started-at="2023-06-10T00:49:38 IST" name="clickCancel" finished-at="2023-06-10T00:49:41 IST" duration-ms="3611" status="PASS">
          <reporter-output>
          </reporter-output>
        </test-method> <!-- clickCancel -->
        <test-method is-config="true" signature="closeBrowser()[pri:0, instance:com.qa.ohrm.testcases.WeekTimeSheetTest@245b4bdc]" started-at="2023-06-10T00:49:41 IST" name="closeBrowser" finished-at="2023-06-10T00:49:42 IST" duration-ms="150" status="PASS">
          <reporter-output>
          </reporter-output>
        </test-method> <!-- closeBrowser -->
      </class> <!-- com.qa.ohrm.testcases.WeekTimeSheetTest -->
      <class name="com.qa.ohrm.testcases.HomePageTest">
        <test-method is-config="true" signature="setUp()[pri:0, instance:com.qa.ohrm.testcases.HomePageTest@6d763516]" started-at="2023-06-10T00:40:57 IST" name="setUp" finished-at="2023-06-10T00:41:28 IST" duration-ms="30884" status="PASS">
          <reporter-output>
          </reporter-output>
        </test-method> <!-- setUp -->
        <test-method signature="getTimePage()[pri:2, instance:com.qa.ohrm.testcases.HomePageTest@6d763516]" started-at="2023-06-10T00:41:28 IST" name="getTimePage" finished-at="2023-06-10T00:41:39 IST" duration-ms="11029" status="PASS">
          <reporter-output>
          </reporter-output>
        </test-method> <!-- getTimePage -->
        <test-method is-config="true" signature="breakDown()[pri:0, instance:com.qa.ohrm.testcases.HomePageTest@6d763516]" started-at="2023-06-10T00:41:39 IST" name="breakDown" finished-at="2023-06-10T00:41:40 IST" duration-ms="520" status="PASS">
          <reporter-output>
          </reporter-output>
        </test-method> <!-- breakDown -->
      </class> <!-- com.qa.ohrm.testcases.HomePageTest -->
      <class name="com.qa.ohrm.testcases.TimeSheetTest">
        <test-method is-config="true" signature="launchURL()[pri:0, instance:com.qa.ohrm.testcases.TimeSheetTest@dd8ba08]" started-at="2023-06-10T00:45:30 IST" name="launchURL" finished-at="2023-06-10T00:46:03 IST" duration-ms="33007" status="PASS">
          <reporter-output>
          </reporter-output>
        </test-method> <!-- launchURL -->
        <test-method signature="timeSheet()[pri:8, instance:com.qa.ohrm.testcases.TimeSheetTest@dd8ba08]" started-at="2023-06-10T00:46:03 IST" name="timeSheet" finished-at="2023-06-10T00:46:03 IST" duration-ms="188" status="PASS">
          <reporter-output>
          </reporter-output>
        </test-method> <!-- timeSheet -->
        <test-method is-config="true" signature="closeBrowser()[pri:0, instance:com.qa.ohrm.testcases.TimeSheetTest@dd8ba08]" started-at="2023-06-10T00:46:03 IST" name="closeBrowser" finished-at="2023-06-10T00:46:04 IST" duration-ms="357" status="PASS">
          <reporter-output>
          </reporter-output>
        </test-method> <!-- closeBrowser -->
        <test-method is-config="true" signature="launchURL()[pri:0, instance:com.qa.ohrm.testcases.TimeSheetTest@dd8ba08]" started-at="2023-06-10T00:46:04 IST" name="launchURL" finished-at="2023-06-10T00:46:37 IST" duration-ms="33955" status="PASS">
          <reporter-output>
          </reporter-output>
        </test-method> <!-- launchURL -->
        <test-method signature="employee()[pri:9, instance:com.qa.ohrm.testcases.TimeSheetTest@dd8ba08]" started-at="2023-06-10T00:46:37 IST" name="employee" finished-at="2023-06-10T00:46:38 IST" duration-ms="835" status="PASS">
          <reporter-output>
          </reporter-output>
        </test-method> <!-- employee -->
        <test-method is-config="true" signature="closeBrowser()[pri:0, instance:com.qa.ohrm.testcases.TimeSheetTest@dd8ba08]" started-at="2023-06-10T00:46:38 IST" name="closeBrowser" finished-at="2023-06-10T00:46:39 IST" duration-ms="591" status="PASS">
          <reporter-output>
          </reporter-output>
        </test-method> <!-- closeBrowser -->
        <test-method is-config="true" signature="launchURL()[pri:0, instance:com.qa.ohrm.testcases.TimeSheetTest@dd8ba08]" started-at="2023-06-10T00:46:39 IST" name="launchURL" finished-at="2023-06-10T00:47:12 IST" duration-ms="33015" status="PASS">
          <reporter-output>
          </reporter-output>
        </test-method> <!-- launchURL -->
        <test-method signature="getRecord()[pri:10, instance:com.qa.ohrm.testcases.TimeSheetTest@dd8ba08]" started-at="2023-06-10T00:47:12 IST" name="getRecord" finished-at="2023-06-10T00:47:12 IST" duration-ms="183" status="PASS">
          <reporter-output>
          </reporter-output>
        </test-method> <!-- getRecord -->
        <test-method is-config="true" signature="closeBrowser()[pri:0, instance:com.qa.ohrm.testcases.TimeSheetTest@dd8ba08]" started-at="2023-06-10T00:47:12 IST" name="closeBrowser" finished-at="2023-06-10T00:47:12 IST" duration-ms="230" status="PASS">
          <reporter-output>
          </reporter-output>
        </test-method> <!-- closeBrowser -->
      </class> <!-- com.qa.ohrm.testcases.TimeSheetTest -->
      <class name="com.qa.ohrm.testcases.PunchInTest">
        <test-method is-config="true" signature="launch()[pri:0, instance:com.qa.ohrm.testcases.PunchInTest@37afeb11]" started-at="2023-06-10T00:42:15 IST" name="launch" finished-at="2023-06-10T00:42:52 IST" duration-ms="37194" status="PASS">
          <reporter-output>
          </reporter-output>
        </test-method> <!-- launch -->
        <test-method signature="Note()[pri:4, instance:com.qa.ohrm.testcases.PunchInTest@37afeb11]" started-at="2023-06-10T00:42:52 IST" name="Note" finished-at="2023-06-10T00:42:52 IST" duration-ms="190" status="PASS">
          <reporter-output>
          </reporter-output>
        </test-method> <!-- Note -->
        <test-method is-config="true" signature="closeBrowser()[pri:0, instance:com.qa.ohrm.testcases.PunchInTest@37afeb11]" started-at="2023-06-10T00:42:52 IST" name="closeBrowser" finished-at="2023-06-10T00:42:52 IST" duration-ms="474" status="PASS">
          <reporter-output>
          </reporter-output>
        </test-method> <!-- closeBrowser -->
        <test-method is-config="true" signature="launch()[pri:0, instance:com.qa.ohrm.testcases.PunchInTest@37afeb11]" started-at="2023-06-10T00:42:53 IST" name="launch" finished-at="2023-06-10T00:43:25 IST" duration-ms="32347" status="PASS">
          <reporter-output>
          </reporter-output>
        </test-method> <!-- launch -->
        <test-method signature="In()[pri:5, instance:com.qa.ohrm.testcases.PunchInTest@37afeb11]" started-at="2023-06-10T00:43:25 IST" name="In" finished-at="2023-06-10T00:43:29 IST" duration-ms="4163" status="PASS">
          <reporter-output>
          </reporter-output>
        </test-method> <!-- In -->
        <test-method is-config="true" signature="closeBrowser()[pri:0, instance:com.qa.ohrm.testcases.PunchInTest@37afeb11]" started-at="2023-06-10T00:43:29 IST" name="closeBrowser" finished-at="2023-06-10T00:43:29 IST" duration-ms="311" status="PASS">
          <reporter-output>
          </reporter-output>
        </test-method> <!-- closeBrowser -->
      </class> <!-- com.qa.ohrm.testcases.PunchInTest -->
      <class name="com.qa.ohrm.testcases.LoginPageTest">
        <test-method is-config="true" signature="launchURL()[pri:0, instance:com.qa.ohrm.testcases.LoginPageTest@1a451d4d]" started-at="2023-06-10T00:40:02 IST" name="launchURL" finished-at="2023-06-10T00:40:25 IST" duration-ms="22291" status="PASS">
          <reporter-output>
          </reporter-output>
        </test-method> <!-- launchURL -->
        <test-method signature="title()[pri:0, instance:com.qa.ohrm.testcases.LoginPageTest@1a451d4d]" started-at="2023-06-10T00:40:25 IST" name="title" finished-at="2023-06-10T00:40:25 IST" duration-ms="59" status="PASS">
          <reporter-output>
          </reporter-output>
        </test-method> <!-- title -->
        <test-method is-config="true" signature="closeBrowser()[pri:0, instance:com.qa.ohrm.testcases.LoginPageTest@1a451d4d]" started-at="2023-06-10T00:40:25 IST" name="closeBrowser" finished-at="2023-06-10T00:40:26 IST" duration-ms="1053" status="PASS">
          <reporter-output>
          </reporter-output>
        </test-method> <!-- closeBrowser -->
        <test-method is-config="true" signature="launchURL()[pri:0, instance:com.qa.ohrm.testcases.LoginPageTest@1a451d4d]" started-at="2023-06-10T00:40:26 IST" name="launchURL" finished-at="2023-06-10T00:40:44 IST" duration-ms="18282" status="PASS">
          <reporter-output>
          </reporter-output>
        </test-method> <!-- launchURL -->
        <test-method signature="loginSuccess()[pri:1, instance:com.qa.ohrm.testcases.LoginPageTest@1a451d4d]" started-at="2023-06-10T00:40:44 IST" name="loginSuccess" finished-at="2023-06-10T00:40:57 IST" duration-ms="12871" status="PASS">
          <reporter-output>
          </reporter-output>
        </test-method> <!-- loginSuccess -->
        <test-method is-config="true" signature="closeBrowser()[pri:0, instance:com.qa.ohrm.testcases.LoginPageTest@1a451d4d]" started-at="2023-06-10T00:40:57 IST" name="closeBrowser" finished-at="2023-06-10T00:40:57 IST" duration-ms="514" status="PASS">
          <reporter-output>
          </reporter-output>
        </test-method> <!-- closeBrowser -->
      </class> <!-- com.qa.ohrm.testcases.LoginPageTest -->
      <class name="com.qa.ohrm.testcases.PunchOutTest">
        <test-method is-config="true" signature="launchBrowser()[pri:0, instance:com.qa.ohrm.testcases.PunchOutTest@515aebb0]" started-at="2023-06-10T00:43:29 IST" name="launchBrowser" finished-at="2023-06-10T00:44:36 IST" duration-ms="66771" status="PASS">
          <reporter-output>
          </reporter-output>
        </test-method> <!-- launchBrowser -->
        <test-method signature="enterNote()[pri:6, instance:com.qa.ohrm.testcases.PunchOutTest@515aebb0]" started-at="2023-06-10T00:44:36 IST" name="enterNote" finished-at="2023-06-10T00:44:36 IST" duration-ms="397" status="PASS">
          <reporter-output>
          </reporter-output>
        </test-method> <!-- enterNote -->
        <test-method is-config="true" signature="closeBrowser()[pri:0, instance:com.qa.ohrm.testcases.PunchOutTest@515aebb0]" started-at="2023-06-10T00:44:36 IST" name="closeBrowser" finished-at="2023-06-10T00:44:38 IST" duration-ms="1667" status="PASS">
          <reporter-output>
          </reporter-output>
        </test-method> <!-- closeBrowser -->
        <test-method is-config="true" signature="launchBrowser()[pri:0, instance:com.qa.ohrm.testcases.PunchOutTest@515aebb0]" started-at="2023-06-10T00:44:38 IST" name="launchBrowser" finished-at="2023-06-10T00:45:25 IST" duration-ms="46541" status="PASS">
          <reporter-output>
          </reporter-output>
        </test-method> <!-- launchBrowser -->
        <test-method signature="Out()[pri:7, instance:com.qa.ohrm.testcases.PunchOutTest@515aebb0]" started-at="2023-06-10T00:45:25 IST" name="Out" finished-at="2023-06-10T00:45:30 IST" duration-ms="4892" status="PASS">
          <reporter-output>
          </reporter-output>
        </test-method> <!-- Out -->
        <test-method is-config="true" signature="closeBrowser()[pri:0, instance:com.qa.ohrm.testcases.PunchOutTest@515aebb0]" started-at="2023-06-10T00:45:30 IST" name="closeBrowser" finished-at="2023-06-10T00:45:30 IST" duration-ms="359" status="PASS">
          <reporter-output>
          </reporter-output>
        </test-method> <!-- closeBrowser -->
      </class> <!-- com.qa.ohrm.testcases.PunchOutTest -->
      <class name="com.qa.ohrm.testcases.TimePageTest">
        <test-method is-config="true" signature="launchTimePage()[pri:0, instance:com.qa.ohrm.testcases.TimePageTest@52bf72b5]" started-at="2023-06-10T00:41:40 IST" name="launchTimePage" finished-at="2023-06-10T00:42:14 IST" duration-ms="33936" status="PASS">
          <reporter-output>
          </reporter-output>
        </test-method> <!-- launchTimePage -->
        <test-method signature="clickAttendance()[pri:3, instance:com.qa.ohrm.testcases.TimePageTest@52bf72b5]" started-at="2023-06-10T00:42:14 IST" name="clickAttendance" finished-at="2023-06-10T00:42:14 IST" duration-ms="238" status="PASS">
          <reporter-output>
          </reporter-output>
        </test-method> <!-- clickAttendance -->
        <test-method is-config="true" signature="closeBrowser()[pri:0, instance:com.qa.ohrm.testcases.TimePageTest@52bf72b5]" started-at="2023-06-10T00:42:14 IST" name="closeBrowser" finished-at="2023-06-10T00:42:15 IST" duration-ms="507" status="PASS">
          <reporter-output>
          </reporter-output>
        </test-method> <!-- closeBrowser -->
      </class> <!-- com.qa.ohrm.testcases.TimePageTest -->
      <class name="com.qa.ohrm.testcases.ProjectsPageTest">
        <test-method is-config="true" signature="launchURL()[pri:0, instance:com.qa.ohrm.testcases.ProjectsPageTest@6c64cb25]" started-at="2023-06-10T00:49:42 IST" name="launchURL" finished-at="2023-06-10T00:50:07 IST" duration-ms="25337" status="PASS">
          <reporter-output>
          </reporter-output>
        </test-method> <!-- launchURL -->
        <test-method signature="ProjectInfo()[pri:15, instance:com.qa.ohrm.testcases.ProjectsPageTest@6c64cb25]" started-at="2023-06-10T00:50:07 IST" name="ProjectInfo" finished-at="2023-06-10T00:50:07 IST" duration-ms="225" status="PASS">
          <reporter-output>
          </reporter-output>
        </test-method> <!-- ProjectInfo -->
        <test-method is-config="true" signature="closeBrowser()[pri:0, instance:com.qa.ohrm.testcases.ProjectsPageTest@6c64cb25]" started-at="2023-06-10T00:50:07 IST" name="closeBrowser" finished-at="2023-06-10T00:50:07 IST" duration-ms="191" status="PASS">
          <reporter-output>
          </reporter-output>
        </test-method> <!-- closeBrowser -->
        <test-method is-config="true" signature="launchURL()[pri:0, instance:com.qa.ohrm.testcases.ProjectsPageTest@6c64cb25]" started-at="2023-06-10T00:50:07 IST" name="launchURL" finished-at="2023-06-10T00:50:34 IST" duration-ms="26691" status="PASS">
          <reporter-output>
          </reporter-output>
        </test-method> <!-- launchURL -->
        <test-method signature="Projects()[pri:16, instance:com.qa.ohrm.testcases.ProjectsPageTest@6c64cb25]" started-at="2023-06-10T00:50:34 IST" name="Projects" finished-at="2023-06-10T00:50:37 IST" duration-ms="3486" status="PASS">
          <reporter-output>
          </reporter-output>
        </test-method> <!-- Projects -->
        <test-method is-config="true" signature="closeBrowser()[pri:0, instance:com.qa.ohrm.testcases.ProjectsPageTest@6c64cb25]" started-at="2023-06-10T00:50:37 IST" name="closeBrowser" finished-at="2023-06-10T00:50:38 IST" duration-ms="505" status="PASS">
          <reporter-output>
          </reporter-output>
        </test-method> <!-- closeBrowser -->
        <test-method is-config="true" signature="launchURL()[pri:0, instance:com.qa.ohrm.testcases.ProjectsPageTest@6c64cb25]" started-at="2023-06-10T00:50:38 IST" name="launchURL" finished-at="2023-06-10T00:51:09 IST" duration-ms="31347" status="PASS">
          <reporter-output>
          </reporter-output>
        </test-method> <!-- launchURL -->
        <test-method signature="Add()[pri:17, instance:com.qa.ohrm.testcases.ProjectsPageTest@6c64cb25]" started-at="2023-06-10T00:51:09 IST" name="Add" finished-at="2023-06-10T00:51:16 IST" duration-ms="6616" status="PASS">
          <reporter-output>
          </reporter-output>
        </test-method> <!-- Add -->
        <test-method is-config="true" signature="closeBrowser()[pri:0, instance:com.qa.ohrm.testcases.ProjectsPageTest@6c64cb25]" started-at="2023-06-10T00:51:16 IST" name="closeBrowser" finished-at="2023-06-10T00:51:16 IST" duration-ms="186" status="PASS">
          <reporter-output>
          </reporter-output>
        </test-method> <!-- closeBrowser -->
        <test-method is-config="true" signature="launchURL()[pri:0, instance:com.qa.ohrm.testcases.ProjectsPageTest@6c64cb25]" started-at="2023-06-10T00:51:16 IST" name="launchURL" finished-at="2023-06-10T00:51:47 IST" duration-ms="31217" status="PASS">
          <reporter-output>
          </reporter-output>
        </test-method> <!-- launchURL -->
        <test-method signature="CustomerLink()[pri:18, instance:com.qa.ohrm.testcases.ProjectsPageTest@6c64cb25]" started-at="2023-06-10T00:51:47 IST" name="CustomerLink" finished-at="2023-06-10T00:51:54 IST" duration-ms="6153" status="PASS">
          <reporter-output>
          </reporter-output>
        </test-method> <!-- CustomerLink -->
        <test-method is-config="true" signature="closeBrowser()[pri:0, instance:com.qa.ohrm.testcases.ProjectsPageTest@6c64cb25]" started-at="2023-06-10T00:51:54 IST" name="closeBrowser" finished-at="2023-06-10T00:51:54 IST" duration-ms="201" status="PASS">
          <reporter-output>
          </reporter-output>
        </test-method> <!-- closeBrowser -->
        <test-method is-config="true" signature="launchURL()[pri:0, instance:com.qa.ohrm.testcases.ProjectsPageTest@6c64cb25]" started-at="2023-06-10T00:51:54 IST" name="launchURL" finished-at="2023-06-10T00:52:21 IST" duration-ms="26946" status="PASS">
          <reporter-output>
          </reporter-output>
        </test-method> <!-- launchURL -->
        <test-method signature="cName()[pri:19, instance:com.qa.ohrm.testcases.ProjectsPageTest@6c64cb25]" started-at="2023-06-10T00:52:21 IST" name="cName" finished-at="2023-06-10T00:52:26 IST" duration-ms="5791" status="PASS">
          <reporter-output>
          </reporter-output>
        </test-method> <!-- cName -->
        <test-method is-config="true" signature="closeBrowser()[pri:0, instance:com.qa.ohrm.testcases.ProjectsPageTest@6c64cb25]" started-at="2023-06-10T00:52:26 IST" name="closeBrowser" finished-at="2023-06-10T00:52:28 IST" duration-ms="1307" status="PASS">
          <reporter-output>
          </reporter-output>
        </test-method> <!-- closeBrowser -->
        <test-method is-config="true" signature="launchURL()[pri:0, instance:com.qa.ohrm.testcases.ProjectsPageTest@6c64cb25]" started-at="2023-06-10T00:52:28 IST" name="launchURL" finished-at="2023-06-10T00:52:55 IST" duration-ms="27412" status="PASS">
          <reporter-output>
          </reporter-output>
        </test-method> <!-- launchURL -->
        <test-method signature="cDesc()[pri:20, instance:com.qa.ohrm.testcases.ProjectsPageTest@6c64cb25]" started-at="2023-06-10T00:52:55 IST" name="cDesc" finished-at="2023-06-10T00:53:01 IST" duration-ms="6180" status="PASS">
          <reporter-output>
          </reporter-output>
        </test-method> <!-- cDesc -->
        <test-method is-config="true" signature="closeBrowser()[pri:0, instance:com.qa.ohrm.testcases.ProjectsPageTest@6c64cb25]" started-at="2023-06-10T00:53:01 IST" name="closeBrowser" finished-at="2023-06-10T00:53:02 IST" duration-ms="218" status="PASS">
          <reporter-output>
          </reporter-output>
        </test-method> <!-- closeBrowser -->
        <test-method is-config="true" signature="launchURL()[pri:0, instance:com.qa.ohrm.testcases.ProjectsPageTest@6c64cb25]" started-at="2023-06-10T00:53:02 IST" name="launchURL" finished-at="2023-06-10T00:53:32 IST" duration-ms="30700" status="PASS">
          <reporter-output>
          </reporter-output>
        </test-method> <!-- launchURL -->
        <test-method signature="saveDetails()[pri:21, instance:com.qa.ohrm.testcases.ProjectsPageTest@6c64cb25]" started-at="2023-06-10T00:53:32 IST" name="saveDetails" finished-at="2023-06-10T00:53:39 IST" duration-ms="6660" status="PASS">
          <reporter-output>
          </reporter-output>
        </test-method> <!-- saveDetails -->
        <test-method is-config="true" signature="closeBrowser()[pri:0, instance:com.qa.ohrm.testcases.ProjectsPageTest@6c64cb25]" started-at="2023-06-10T00:53:39 IST" name="closeBrowser" finished-at="2023-06-10T00:53:39 IST" duration-ms="218" status="PASS">
          <reporter-output>
          </reporter-output>
        </test-method> <!-- closeBrowser -->
        <test-method is-config="true" signature="launchURL()[pri:0, instance:com.qa.ohrm.testcases.ProjectsPageTest@6c64cb25]" started-at="2023-06-10T00:53:39 IST" name="launchURL" finished-at="2023-06-10T00:54:14 IST" duration-ms="34378" status="PASS">
          <reporter-output>
          </reporter-output>
        </test-method> <!-- launchURL -->
        <test-method signature="clickPName()[pri:22, instance:com.qa.ohrm.testcases.ProjectsPageTest@6c64cb25]" started-at="2023-06-10T00:54:14 IST" name="clickPName" finished-at="2023-06-10T00:54:19 IST" duration-ms="5699" status="PASS">
          <reporter-output>
          </reporter-output>
        </test-method> <!-- clickPName -->
        <test-method is-config="true" signature="closeBrowser()[pri:0, instance:com.qa.ohrm.testcases.ProjectsPageTest@6c64cb25]" started-at="2023-06-10T00:54:19 IST" name="closeBrowser" finished-at="2023-06-10T00:54:20 IST" duration-ms="367" status="PASS">
          <reporter-output>
          </reporter-output>
        </test-method> <!-- closeBrowser -->
        <test-method is-config="true" signature="launchURL()[pri:0, instance:com.qa.ohrm.testcases.ProjectsPageTest@6c64cb25]" started-at="2023-06-10T00:54:20 IST" name="launchURL" finished-at="2023-06-10T00:54:47 IST" duration-ms="27284" status="PASS">
          <reporter-output>
          </reporter-output>
        </test-method> <!-- launchURL -->
        <test-method signature="clickPAdmin()[pri:23, instance:com.qa.ohrm.testcases.ProjectsPageTest@6c64cb25]" started-at="2023-06-10T00:54:47 IST" name="clickPAdmin" finished-at="2023-06-10T00:54:53 IST" duration-ms="6340" status="PASS">
          <reporter-output>
          </reporter-output>
        </test-method> <!-- clickPAdmin -->
        <test-method is-config="true" signature="closeBrowser()[pri:0, instance:com.qa.ohrm.testcases.ProjectsPageTest@6c64cb25]" started-at="2023-06-10T00:54:53 IST" name="closeBrowser" finished-at="2023-06-10T00:54:54 IST" duration-ms="587" status="PASS">
          <reporter-output>
          </reporter-output>
        </test-method> <!-- closeBrowser -->
        <test-method is-config="true" signature="launchURL()[pri:0, instance:com.qa.ohrm.testcases.ProjectsPageTest@6c64cb25]" started-at="2023-06-10T00:54:54 IST" name="launchURL" finished-at="2023-06-10T00:55:19 IST" duration-ms="25024" status="PASS">
          <reporter-output>
          </reporter-output>
        </test-method> <!-- launchURL -->
        <test-method signature="clickDesc()[pri:24, instance:com.qa.ohrm.testcases.ProjectsPageTest@6c64cb25]" started-at="2023-06-10T00:55:19 IST" name="clickDesc" finished-at="2023-06-10T00:55:26 IST" duration-ms="6670" status="PASS">
          <reporter-output>
          </reporter-output>
        </test-method> <!-- clickDesc -->
        <test-method is-config="true" signature="closeBrowser()[pri:0, instance:com.qa.ohrm.testcases.ProjectsPageTest@6c64cb25]" started-at="2023-06-10T00:55:26 IST" name="closeBrowser" finished-at="2023-06-10T00:55:26 IST" duration-ms="198" status="PASS">
          <reporter-output>
          </reporter-output>
        </test-method> <!-- closeBrowser -->
        <test-method is-config="true" signature="launchURL()[pri:0, instance:com.qa.ohrm.testcases.ProjectsPageTest@6c64cb25]" started-at="2023-06-10T00:55:26 IST" name="launchURL" finished-at="2023-06-10T00:55:54 IST" duration-ms="28403" status="PASS">
          <reporter-output>
          </reporter-output>
        </test-method> <!-- launchURL -->
        <test-method signature="cSave()[pri:25, instance:com.qa.ohrm.testcases.ProjectsPageTest@6c64cb25]" started-at="2023-06-10T00:55:54 IST" name="cSave" finished-at="2023-06-10T00:56:05 IST" duration-ms="10510" status="PASS">
          <reporter-output>
          </reporter-output>
        </test-method> <!-- cSave -->
        <test-method is-config="true" signature="closeBrowser()[pri:0, instance:com.qa.ohrm.testcases.ProjectsPageTest@6c64cb25]" started-at="2023-06-10T00:56:05 IST" name="closeBrowser" finished-at="2023-06-10T00:56:05 IST" duration-ms="395" status="PASS">
          <reporter-output>
          </reporter-output>
        </test-method> <!-- closeBrowser -->
      </class> <!-- com.qa.ohrm.testcases.ProjectsPageTest -->
    </test> <!-- Test -->
  </suite> <!-- Suite -->
</testng-results>
